[0m10:02:37.501809 [debug] [MainThread]: Sending event: {'category': 'dbt', 'action': 'invocation', 'label': 'start', 'context': [<snowplow_tracker.self_describing_json.SelfDescribingJson object at 0x70c130e61160>, <snowplow_tracker.self_describing_json.SelfDescribingJson object at 0x70c131d90a50>, <snowplow_tracker.self_describing_json.SelfDescribingJson object at 0x70c130206490>]}


============================== 10:02:37.504838 | 4279faad-bdf2-4452-a862-cb064711ca87 ==============================
[0m10:02:37.504838 [info ] [MainThread]: Running with dbt=1.9.2
[0m10:02:37.505250 [debug] [MainThread]: running dbt with arguments {'printer_width': '80', 'indirect_selection': 'eager', 'write_json': 'True', 'log_cache_events': 'False', 'partial_parse': 'True', 'cache_selected_only': 'False', 'warn_error': 'None', 'fail_fast': 'False', 'profiles_dir': '/home/ivs/.dbt', 'log_path': 'logs', 'debug': 'False', 'version_check': 'True', 'use_colors': 'True', 'use_experimental_parser': 'False', 'no_print': 'None', 'quiet': 'False', 'empty': 'None', 'warn_error_options': 'WarnErrorOptions(include=[], exclude=[])', 'introspect': 'True', 'static_parser': 'True', 'log_format': 'default', 'target_path': 'None', 'invocation_command': 'dbt init', 'send_anonymous_usage_stats': 'True'}
[0m10:02:37.512301 [warn ] [MainThread]: [ConfigFolderDirectory]: Unable to parse logging event dictionary. Failed to parse dir field: expected string or bytes-like object, got 'PosixPath'.. Dictionary: {'dir': PosixPath('/home/ivs/.dbt')}
[0m10:02:37.512771 [info ] [MainThread]: Creating dbt configuration folder at 
[0m10:02:46.617491 [debug] [MainThread]: Starter project path: /home/ivs/Proggeprosjekter/nve_data_analytics_project/venv/lib/python3.13/site-packages/dbt/include/starter_project
[0m10:02:46.619596 [info ] [MainThread]: 
Your new dbt project "nve_data_analytics_project" was created!

For more information on how to configure the profiles.yml file,
please consult the dbt documentation here:

  https://docs.getdbt.com/docs/configure-your-profile

One more thing:

Need help? Don't hesitate to reach out to us via GitHub issues or on Slack:

  https://community.getdbt.com/

Happy modeling!

[0m10:02:46.619919 [info ] [MainThread]: Setting up your profile.
[0m10:09:32.006198 [info ] [MainThread]: Profile nve_data_analytics_project written to /home/ivs/.dbt/profiles.yml using target's profile_template.yml and your supplied values. Run 'dbt debug' to validate the connection.
[0m10:09:32.007288 [debug] [MainThread]: Resource report: {"command_name": "init", "command_success": true, "command_wall_clock_time": 414.54877, "process_in_blocks": "408", "process_kernel_time": 0.149336, "process_mem_max_rss": "96948", "process_out_blocks": "80", "process_user_time": 0.905867}
[0m10:09:32.007686 [debug] [MainThread]: Command `dbt init` succeeded at 10:09:32.007604 after 414.55 seconds
[0m10:09:32.008006 [debug] [MainThread]: Sending event: {'category': 'dbt', 'action': 'invocation', 'label': 'end', 'context': [<snowplow_tracker.self_describing_json.SelfDescribingJson object at 0x70c12fd2be10>, <snowplow_tracker.self_describing_json.SelfDescribingJson object at 0x70c130a079b0>, <snowplow_tracker.self_describing_json.SelfDescribingJson object at 0x70c12fd69e10>]}
[0m10:09:32.008351 [debug] [MainThread]: Flushing usage events
[0m10:09:32.462718 [debug] [MainThread]: An error was encountered while trying to flush usage events
[0m10:09:45.622743 [debug] [MainThread]: Sending event: {'category': 'dbt', 'action': 'invocation', 'label': 'start', 'context': [<snowplow_tracker.self_describing_json.SelfDescribingJson object at 0x76db51bc5160>, <snowplow_tracker.self_describing_json.SelfDescribingJson object at 0x76db52f94a50>, <snowplow_tracker.self_describing_json.SelfDescribingJson object at 0x76db51412490>]}


============================== 10:09:45.624836 | dc8c9801-ecbb-4532-ae5f-7974e25555df ==============================
[0m10:09:45.624836 [info ] [MainThread]: Running with dbt=1.9.2
[0m10:09:45.625172 [debug] [MainThread]: running dbt with arguments {'printer_width': '80', 'indirect_selection': 'eager', 'log_cache_events': 'False', 'write_json': 'True', 'partial_parse': 'True', 'cache_selected_only': 'False', 'profiles_dir': '/home/ivs/.dbt', 'version_check': 'True', 'warn_error': 'None', 'log_path': 'logs', 'debug': 'False', 'fail_fast': 'False', 'use_colors': 'True', 'use_experimental_parser': 'False', 'empty': 'None', 'quiet': 'False', 'no_print': 'None', 'warn_error_options': 'WarnErrorOptions(include=[], exclude=[])', 'introspect': 'True', 'invocation_command': 'dbt debug', 'log_format': 'default', 'target_path': 'None', 'static_parser': 'True', 'send_anonymous_usage_stats': 'True'}
[0m10:09:45.629633 [info ] [MainThread]: dbt version: 1.9.2
[0m10:09:45.629831 [info ] [MainThread]: python version: 3.13.1
[0m10:09:45.629999 [info ] [MainThread]: python path: /home/ivs/Proggeprosjekter/nve_data_analytics_project/venv/bin/python
[0m10:09:45.630176 [info ] [MainThread]: os info: Linux-6.12.12-1-lts-x86_64-with-glibc2.41
[0m10:09:45.662903 [info ] [MainThread]: Using profiles dir at /home/ivs/.dbt
[0m10:09:45.663238 [info ] [MainThread]: Using profiles.yml file at /home/ivs/.dbt/profiles.yml
[0m10:09:45.663413 [info ] [MainThread]: Using dbt_project.yml file at /home/ivs/Proggeprosjekter/nve_data_analytics_project/dbt_project.yml
[0m10:09:45.663727 [info ] [MainThread]: adapter type: postgres
[0m10:09:45.663929 [info ] [MainThread]: adapter version: 1.9.0
[0m10:09:45.664111 [info ] [MainThread]: Configuration:
[0m10:09:45.664276 [info ] [MainThread]:   profiles.yml file [[32mOK found and valid[0m]
[0m10:09:45.664426 [info ] [MainThread]:   dbt_project.yml file [[31mERROR not found[0m]
[0m10:09:45.664570 [info ] [MainThread]: Required dependencies:
[0m10:09:45.664747 [debug] [MainThread]: Executing "git --help"
[0m10:09:45.673916 [debug] [MainThread]: STDOUT: "b"usage: git [-v | --version] [-h | --help] [-C <path>] [-c <name>=<value>]\n           [--exec-path[=<path>]] [--html-path] [--man-path] [--info-path]\n           [-p | --paginate | -P | --no-pager] [--no-replace-objects] [--no-lazy-fetch]\n           [--no-optional-locks] [--no-advice] [--bare] [--git-dir=<path>]\n           [--work-tree=<path>] [--namespace=<name>] [--config-env=<name>=<envvar>]\n           <command> [<args>]\n\nThese are common Git commands used in various situations:\n\nstart a working area (see also: git help tutorial)\n   clone     Clone a repository into a new directory\n   init      Create an empty Git repository or reinitialize an existing one\n\nwork on the current change (see also: git help everyday)\n   add       Add file contents to the index\n   mv        Move or rename a file, a directory, or a symlink\n   restore   Restore working tree files\n   rm        Remove files from the working tree and from the index\n\nexamine the history and state (see also: git help revisions)\n   bisect    Use binary search to find the commit that introduced a bug\n   diff      Show changes between commits, commit and working tree, etc\n   grep      Print lines matching a pattern\n   log       Show commit logs\n   show      Show various types of objects\n   status    Show the working tree status\n\ngrow, mark and tweak your common history\n   branch    List, create, or delete branches\n   commit    Record changes to the repository\n   merge     Join two or more development histories together\n   rebase    Reapply commits on top of another base tip\n   reset     Reset current HEAD to the specified state\n   switch    Switch branches\n   tag       Create, list, delete or verify a tag object signed with GPG\n\ncollaborate (see also: git help workflows)\n   fetch     Download objects and refs from another repository\n   pull      Fetch from and integrate with another repository or a local branch\n   push      Update remote refs along with associated objects\n\n'git help -a' and 'git help -g' list available subcommands and some\nconcept guides. See 'git help <command>' or 'git help <concept>'\nto read about a specific subcommand or concept.\nSee 'git help git' for an overview of the system.\n""
[0m10:09:45.674586 [debug] [MainThread]: STDERR: "b''"
[0m10:09:45.675011 [info ] [MainThread]:  - git [[32mOK found[0m]

[0m10:09:45.675342 [info ] [MainThread]: Connection:
[0m10:09:45.675534 [info ] [MainThread]:   host: localhost
[0m10:09:45.675691 [info ] [MainThread]:   port: 5432
[0m10:09:45.675827 [info ] [MainThread]:   user: changethis
[0m10:09:45.675959 [info ] [MainThread]:   database: nve_db
[0m10:09:45.676088 [info ] [MainThread]:   schema: magasin
[0m10:09:45.676218 [info ] [MainThread]:   connect_timeout: 10
[0m10:09:45.676353 [info ] [MainThread]:   role: None
[0m10:09:45.676485 [info ] [MainThread]:   search_path: None
[0m10:09:45.676628 [info ] [MainThread]:   keepalives_idle: 0
[0m10:09:45.676863 [info ] [MainThread]:   sslmode: None
[0m10:09:45.677003 [info ] [MainThread]:   sslcert: None
[0m10:09:45.677130 [info ] [MainThread]:   sslkey: None
[0m10:09:45.677255 [info ] [MainThread]:   sslrootcert: None
[0m10:09:45.677377 [info ] [MainThread]:   application_name: dbt
[0m10:09:45.677502 [info ] [MainThread]:   retries: 1
[0m10:09:45.677761 [info ] [MainThread]: Registered adapter: postgres=1.9.0
[0m10:09:45.715473 [debug] [MainThread]: Acquiring new postgres connection 'debug'
[0m10:09:45.729788 [debug] [MainThread]: Using postgres connection "debug"
[0m10:09:45.730072 [debug] [MainThread]: On debug: select 1 as id
[0m10:09:45.730288 [debug] [MainThread]: Opening a new connection, currently in state init
[0m10:09:45.731450 [debug] [MainThread]: Postgres adapter: Got a retryable error when attempting to open a postgres connection.
1 attempts remaining. Retrying in 0 seconds.
Error:
connection to server at "localhost" (::1), port 5432 failed: Connection refused
	Is the server running on that host and accepting TCP/IP connections?
connection to server at "localhost" (127.0.0.1), port 5432 failed: Connection refused
	Is the server running on that host and accepting TCP/IP connections?

[0m10:09:45.731965 [debug] [MainThread]: Postgres adapter: Error running SQL: select 1 as id
[0m10:09:45.732148 [debug] [MainThread]: Postgres adapter: Rolling back transaction.
[0m10:09:45.732329 [debug] [MainThread]: On debug: No close available on handle
[0m10:09:45.732511 [info ] [MainThread]:   Connection test: [[31mERROR[0m]

[0m10:09:45.732753 [info ] [MainThread]: [31m2 checks failed:[0m
[0m10:09:45.732930 [info ] [MainThread]: Project loading failed for the following reason:
 project path </home/ivs/Proggeprosjekter/nve_data_analytics_project/dbt_project.yml> not found

[0m10:09:45.733101 [info ] [MainThread]: dbt was unable to connect to the specified database.
The database returned the following error:

  >Database Error
  connection to server at "localhost" (::1), port 5432 failed: Connection refused
  	Is the server running on that host and accepting TCP/IP connections?
  connection to server at "localhost" (127.0.0.1), port 5432 failed: Connection refused
  	Is the server running on that host and accepting TCP/IP connections?
  

Check your database credentials and try again. For more information, visit:
https://docs.getdbt.com/docs/configure-your-profile


[0m10:09:45.733716 [debug] [MainThread]: Resource report: {"command_name": "debug", "command_success": false, "command_wall_clock_time": 0.14046848, "process_in_blocks": "80", "process_kernel_time": 0.138787, "process_mem_max_rss": "104644", "process_out_blocks": "24", "process_user_time": 0.866149}
[0m10:09:45.733981 [debug] [MainThread]: Command `dbt debug` failed at 10:09:45.733926 after 0.14 seconds
[0m10:09:45.734173 [debug] [MainThread]: Connection 'debug' was properly closed.
[0m10:09:45.734367 [debug] [MainThread]: Sending event: {'category': 'dbt', 'action': 'invocation', 'label': 'end', 'context': [<snowplow_tracker.self_describing_json.SelfDescribingJson object at 0x76db50e7e780>, <snowplow_tracker.self_describing_json.SelfDescribingJson object at 0x76db50e8b650>, <snowplow_tracker.self_describing_json.SelfDescribingJson object at 0x76db50f768b0>]}
[0m10:09:45.734599 [debug] [MainThread]: Flushing usage events
[0m10:09:46.194482 [debug] [MainThread]: An error was encountered while trying to flush usage events
[0m10:24:49.811680 [debug] [MainThread]: Sending event: {'category': 'dbt', 'action': 'invocation', 'label': 'start', 'context': [<snowplow_tracker.self_describing_json.SelfDescribingJson object at 0x71bb5610d160>, <snowplow_tracker.self_describing_json.SelfDescribingJson object at 0x71bb57538a50>, <snowplow_tracker.self_describing_json.SelfDescribingJson object at 0x71bb5597a490>]}


============================== 10:24:49.813753 | 48de973a-dfe4-453e-9403-8c08eebdd0fa ==============================
[0m10:24:49.813753 [info ] [MainThread]: Running with dbt=1.9.2
[0m10:24:49.814066 [debug] [MainThread]: running dbt with arguments {'printer_width': '80', 'indirect_selection': 'eager', 'log_cache_events': 'False', 'write_json': 'True', 'partial_parse': 'True', 'cache_selected_only': 'False', 'profiles_dir': '/home/ivs/.dbt', 'debug': 'False', 'warn_error': 'None', 'log_path': 'logs', 'fail_fast': 'False', 'version_check': 'True', 'use_colors': 'True', 'use_experimental_parser': 'False', 'no_print': 'None', 'quiet': 'False', 'empty': 'None', 'warn_error_options': 'WarnErrorOptions(include=[], exclude=[])', 'static_parser': 'True', 'invocation_command': 'dbt debug', 'introspect': 'True', 'target_path': 'None', 'log_format': 'default', 'send_anonymous_usage_stats': 'True'}
[0m10:24:49.818786 [info ] [MainThread]: dbt version: 1.9.2
[0m10:24:49.818991 [info ] [MainThread]: python version: 3.13.1
[0m10:24:49.819166 [info ] [MainThread]: python path: /home/ivs/Proggeprosjekter/nve_data_analytics_project/venv/bin/python
[0m10:24:49.819335 [info ] [MainThread]: os info: Linux-6.12.12-1-lts-x86_64-with-glibc2.41
[0m10:24:49.851695 [info ] [MainThread]: Using profiles dir at /home/ivs/.dbt
[0m10:24:49.852050 [info ] [MainThread]: Using profiles.yml file at /home/ivs/.dbt/profiles.yml
[0m10:24:49.852237 [info ] [MainThread]: Using dbt_project.yml file at /home/ivs/Proggeprosjekter/nve_data_analytics_project/dbt_project.yml
[0m10:24:49.852518 [info ] [MainThread]: adapter type: postgres
[0m10:24:49.852724 [info ] [MainThread]: adapter version: 1.9.0
[0m10:24:49.852915 [info ] [MainThread]: Configuration:
[0m10:24:49.853077 [info ] [MainThread]:   profiles.yml file [[32mOK found and valid[0m]
[0m10:24:49.853240 [info ] [MainThread]:   dbt_project.yml file [[31mERROR not found[0m]
[0m10:24:49.853411 [info ] [MainThread]: Required dependencies:
[0m10:24:49.853594 [debug] [MainThread]: Executing "git --help"
[0m10:24:49.855136 [debug] [MainThread]: STDOUT: "b"usage: git [-v | --version] [-h | --help] [-C <path>] [-c <name>=<value>]\n           [--exec-path[=<path>]] [--html-path] [--man-path] [--info-path]\n           [-p | --paginate | -P | --no-pager] [--no-replace-objects] [--no-lazy-fetch]\n           [--no-optional-locks] [--no-advice] [--bare] [--git-dir=<path>]\n           [--work-tree=<path>] [--namespace=<name>] [--config-env=<name>=<envvar>]\n           <command> [<args>]\n\nThese are common Git commands used in various situations:\n\nstart a working area (see also: git help tutorial)\n   clone     Clone a repository into a new directory\n   init      Create an empty Git repository or reinitialize an existing one\n\nwork on the current change (see also: git help everyday)\n   add       Add file contents to the index\n   mv        Move or rename a file, a directory, or a symlink\n   restore   Restore working tree files\n   rm        Remove files from the working tree and from the index\n\nexamine the history and state (see also: git help revisions)\n   bisect    Use binary search to find the commit that introduced a bug\n   diff      Show changes between commits, commit and working tree, etc\n   grep      Print lines matching a pattern\n   log       Show commit logs\n   show      Show various types of objects\n   status    Show the working tree status\n\ngrow, mark and tweak your common history\n   branch    List, create, or delete branches\n   commit    Record changes to the repository\n   merge     Join two or more development histories together\n   rebase    Reapply commits on top of another base tip\n   reset     Reset current HEAD to the specified state\n   switch    Switch branches\n   tag       Create, list, delete or verify a tag object signed with GPG\n\ncollaborate (see also: git help workflows)\n   fetch     Download objects and refs from another repository\n   pull      Fetch from and integrate with another repository or a local branch\n   push      Update remote refs along with associated objects\n\n'git help -a' and 'git help -g' list available subcommands and some\nconcept guides. See 'git help <command>' or 'git help <concept>'\nto read about a specific subcommand or concept.\nSee 'git help git' for an overview of the system.\n""
[0m10:24:49.855385 [debug] [MainThread]: STDERR: "b''"
[0m10:24:49.855558 [info ] [MainThread]:  - git [[32mOK found[0m]

[0m10:24:49.855720 [info ] [MainThread]: Connection:
[0m10:24:49.855876 [info ] [MainThread]:   host: localhost
[0m10:24:49.856017 [info ] [MainThread]:   port: 5432
[0m10:24:49.856152 [info ] [MainThread]:   user: changethis
[0m10:24:49.856289 [info ] [MainThread]:   database: nve_db
[0m10:24:49.856423 [info ] [MainThread]:   schema: magasin
[0m10:24:49.856556 [info ] [MainThread]:   connect_timeout: 10
[0m10:24:49.856742 [info ] [MainThread]:   role: None
[0m10:24:49.856884 [info ] [MainThread]:   search_path: None
[0m10:24:49.857018 [info ] [MainThread]:   keepalives_idle: 0
[0m10:24:49.857149 [info ] [MainThread]:   sslmode: None
[0m10:24:49.857283 [info ] [MainThread]:   sslcert: None
[0m10:24:49.857416 [info ] [MainThread]:   sslkey: None
[0m10:24:49.857549 [info ] [MainThread]:   sslrootcert: None
[0m10:24:49.857675 [info ] [MainThread]:   application_name: dbt
[0m10:24:49.857799 [info ] [MainThread]:   retries: 1
[0m10:24:49.858026 [info ] [MainThread]: Registered adapter: postgres=1.9.0
[0m10:24:49.893782 [debug] [MainThread]: Acquiring new postgres connection 'debug'
[0m10:24:49.907927 [debug] [MainThread]: Using postgres connection "debug"
[0m10:24:49.908206 [debug] [MainThread]: On debug: select 1 as id
[0m10:24:49.908398 [debug] [MainThread]: Opening a new connection, currently in state init
[0m10:24:49.911281 [debug] [MainThread]: Postgres adapter: Got a retryable error when attempting to open a postgres connection.
1 attempts remaining. Retrying in 0 seconds.
Error:
connection to server at "localhost" (::1), port 5432 failed: FATAL:  role "changethis" does not exist

[0m10:24:49.913536 [debug] [MainThread]: Postgres adapter: Error running SQL: select 1 as id
[0m10:24:49.913747 [debug] [MainThread]: Postgres adapter: Rolling back transaction.
[0m10:24:49.913946 [debug] [MainThread]: On debug: No close available on handle
[0m10:24:49.914135 [info ] [MainThread]:   Connection test: [[31mERROR[0m]

[0m10:24:49.914372 [info ] [MainThread]: [31m2 checks failed:[0m
[0m10:24:49.914542 [info ] [MainThread]: Project loading failed for the following reason:
 project path </home/ivs/Proggeprosjekter/nve_data_analytics_project/dbt_project.yml> not found

[0m10:24:49.914708 [info ] [MainThread]: dbt was unable to connect to the specified database.
The database returned the following error:

  >Database Error
  connection to server at "localhost" (::1), port 5432 failed: FATAL:  role "changethis" does not exist
  

Check your database credentials and try again. For more information, visit:
https://docs.getdbt.com/docs/configure-your-profile


[0m10:24:49.915308 [debug] [MainThread]: Resource report: {"command_name": "debug", "command_success": false, "command_wall_clock_time": 0.13265896, "process_in_blocks": "0", "process_kernel_time": 0.142372, "process_mem_max_rss": "104976", "process_out_blocks": "16", "process_user_time": 0.894387}
[0m10:24:49.915561 [debug] [MainThread]: Command `dbt debug` failed at 10:24:49.915506 after 0.13 seconds
[0m10:24:49.915754 [debug] [MainThread]: Connection 'debug' was properly closed.
[0m10:24:49.915947 [debug] [MainThread]: Sending event: {'category': 'dbt', 'action': 'invocation', 'label': 'end', 'context': [<snowplow_tracker.self_describing_json.SelfDescribingJson object at 0x71bb54d0a780>, <snowplow_tracker.self_describing_json.SelfDescribingJson object at 0x71bb54d17650>, <snowplow_tracker.self_describing_json.SelfDescribingJson object at 0x71bb554f28b0>]}
[0m10:24:49.916199 [debug] [MainThread]: Flushing usage events
[0m10:24:50.382421 [debug] [MainThread]: An error was encountered while trying to flush usage events
[0m10:26:12.790759 [debug] [MainThread]: Sending event: {'category': 'dbt', 'action': 'invocation', 'label': 'start', 'context': [<snowplow_tracker.self_describing_json.SelfDescribingJson object at 0x794706a51160>, <snowplow_tracker.self_describing_json.SelfDescribingJson object at 0x794707e4ca50>, <snowplow_tracker.self_describing_json.SelfDescribingJson object at 0x7947062c2490>]}


============================== 10:26:12.793495 | c20729ef-0128-4e33-b9eb-1091cdab1ec7 ==============================
[0m10:26:12.793495 [info ] [MainThread]: Running with dbt=1.9.2
[0m10:26:12.793777 [debug] [MainThread]: running dbt with arguments {'printer_width': '80', 'indirect_selection': 'eager', 'write_json': 'True', 'log_cache_events': 'False', 'partial_parse': 'True', 'cache_selected_only': 'False', 'profiles_dir': '/home/ivs/.dbt', 'version_check': 'True', 'debug': 'False', 'log_path': 'logs', 'warn_error': 'None', 'fail_fast': 'False', 'use_colors': 'True', 'use_experimental_parser': 'False', 'empty': 'None', 'quiet': 'False', 'no_print': 'None', 'warn_error_options': 'WarnErrorOptions(include=[], exclude=[])', 'introspect': 'True', 'invocation_command': 'dbt debug', 'log_format': 'default', 'target_path': 'None', 'static_parser': 'True', 'send_anonymous_usage_stats': 'True'}
[0m10:26:12.798367 [info ] [MainThread]: dbt version: 1.9.2
[0m10:26:12.798559 [info ] [MainThread]: python version: 3.13.1
[0m10:26:12.798711 [info ] [MainThread]: python path: /home/ivs/Proggeprosjekter/nve_data_analytics_project/venv/bin/python
[0m10:26:12.798860 [info ] [MainThread]: os info: Linux-6.12.12-1-lts-x86_64-with-glibc2.41
[0m10:26:12.833894 [info ] [MainThread]: Using profiles dir at /home/ivs/.dbt
[0m10:26:12.834235 [info ] [MainThread]: Using profiles.yml file at /home/ivs/.dbt/profiles.yml
[0m10:26:12.834424 [info ] [MainThread]: Using dbt_project.yml file at /home/ivs/Proggeprosjekter/nve_data_analytics_project/dbt_project.yml
[0m10:26:12.834723 [info ] [MainThread]: adapter type: postgres
[0m10:26:12.834920 [info ] [MainThread]: adapter version: 1.9.0
[0m10:26:12.835095 [info ] [MainThread]: Configuration:
[0m10:26:12.835253 [info ] [MainThread]:   profiles.yml file [[32mOK found and valid[0m]
[0m10:26:12.835408 [info ] [MainThread]:   dbt_project.yml file [[31mERROR not found[0m]
[0m10:26:12.835554 [info ] [MainThread]: Required dependencies:
[0m10:26:12.835728 [debug] [MainThread]: Executing "git --help"
[0m10:26:12.837398 [debug] [MainThread]: STDOUT: "b"usage: git [-v | --version] [-h | --help] [-C <path>] [-c <name>=<value>]\n           [--exec-path[=<path>]] [--html-path] [--man-path] [--info-path]\n           [-p | --paginate | -P | --no-pager] [--no-replace-objects] [--no-lazy-fetch]\n           [--no-optional-locks] [--no-advice] [--bare] [--git-dir=<path>]\n           [--work-tree=<path>] [--namespace=<name>] [--config-env=<name>=<envvar>]\n           <command> [<args>]\n\nThese are common Git commands used in various situations:\n\nstart a working area (see also: git help tutorial)\n   clone     Clone a repository into a new directory\n   init      Create an empty Git repository or reinitialize an existing one\n\nwork on the current change (see also: git help everyday)\n   add       Add file contents to the index\n   mv        Move or rename a file, a directory, or a symlink\n   restore   Restore working tree files\n   rm        Remove files from the working tree and from the index\n\nexamine the history and state (see also: git help revisions)\n   bisect    Use binary search to find the commit that introduced a bug\n   diff      Show changes between commits, commit and working tree, etc\n   grep      Print lines matching a pattern\n   log       Show commit logs\n   show      Show various types of objects\n   status    Show the working tree status\n\ngrow, mark and tweak your common history\n   branch    List, create, or delete branches\n   commit    Record changes to the repository\n   merge     Join two or more development histories together\n   rebase    Reapply commits on top of another base tip\n   reset     Reset current HEAD to the specified state\n   switch    Switch branches\n   tag       Create, list, delete or verify a tag object signed with GPG\n\ncollaborate (see also: git help workflows)\n   fetch     Download objects and refs from another repository\n   pull      Fetch from and integrate with another repository or a local branch\n   push      Update remote refs along with associated objects\n\n'git help -a' and 'git help -g' list available subcommands and some\nconcept guides. See 'git help <command>' or 'git help <concept>'\nto read about a specific subcommand or concept.\nSee 'git help git' for an overview of the system.\n""
[0m10:26:12.837652 [debug] [MainThread]: STDERR: "b''"
[0m10:26:12.837816 [info ] [MainThread]:  - git [[32mOK found[0m]

[0m10:26:12.837969 [info ] [MainThread]: Connection:
[0m10:26:12.838120 [info ] [MainThread]:   host: localhost
[0m10:26:12.838261 [info ] [MainThread]:   port: 5432
[0m10:26:12.838396 [info ] [MainThread]:   user: changethis
[0m10:26:12.838527 [info ] [MainThread]:   database: nve_db
[0m10:26:12.838662 [info ] [MainThread]:   schema: magasin
[0m10:26:12.838793 [info ] [MainThread]:   connect_timeout: 10
[0m10:26:12.838928 [info ] [MainThread]:   role: None
[0m10:26:12.839056 [info ] [MainThread]:   search_path: None
[0m10:26:12.839187 [info ] [MainThread]:   keepalives_idle: 0
[0m10:26:12.839312 [info ] [MainThread]:   sslmode: None
[0m10:26:12.839438 [info ] [MainThread]:   sslcert: None
[0m10:26:12.839563 [info ] [MainThread]:   sslkey: None
[0m10:26:12.839686 [info ] [MainThread]:   sslrootcert: None
[0m10:26:12.839808 [info ] [MainThread]:   application_name: dbt
[0m10:26:12.839931 [info ] [MainThread]:   retries: 1
[0m10:26:12.840207 [info ] [MainThread]: Registered adapter: postgres=1.9.0
[0m10:26:12.876673 [debug] [MainThread]: Acquiring new postgres connection 'debug'
[0m10:26:12.890728 [debug] [MainThread]: Using postgres connection "debug"
[0m10:26:12.891019 [debug] [MainThread]: On debug: select 1 as id
[0m10:26:12.891217 [debug] [MainThread]: Opening a new connection, currently in state init
[0m10:26:12.894029 [debug] [MainThread]: Postgres adapter: Got a retryable error when attempting to open a postgres connection.
1 attempts remaining. Retrying in 0 seconds.
Error:
connection to server at "localhost" (::1), port 5432 failed: FATAL:  role "changethis" does not exist

[0m10:26:12.896175 [debug] [MainThread]: Postgres adapter: Error running SQL: select 1 as id
[0m10:26:12.896389 [debug] [MainThread]: Postgres adapter: Rolling back transaction.
[0m10:26:12.896599 [debug] [MainThread]: On debug: No close available on handle
[0m10:26:12.896823 [info ] [MainThread]:   Connection test: [[31mERROR[0m]

[0m10:26:12.897114 [info ] [MainThread]: [31m2 checks failed:[0m
[0m10:26:12.897364 [info ] [MainThread]: Project loading failed for the following reason:
 project path </home/ivs/Proggeprosjekter/nve_data_analytics_project/dbt_project.yml> not found

[0m10:26:12.897589 [info ] [MainThread]: dbt was unable to connect to the specified database.
The database returned the following error:

  >Database Error
  connection to server at "localhost" (::1), port 5432 failed: FATAL:  role "changethis" does not exist
  

Check your database credentials and try again. For more information, visit:
https://docs.getdbt.com/docs/configure-your-profile


[0m10:26:12.898267 [debug] [MainThread]: Resource report: {"command_name": "debug", "command_success": false, "command_wall_clock_time": 0.13758925, "process_in_blocks": "0", "process_kernel_time": 0.169075, "process_mem_max_rss": "105488", "process_out_blocks": "16", "process_user_time": 0.892105}
[0m10:26:12.898533 [debug] [MainThread]: Command `dbt debug` failed at 10:26:12.898477 after 0.14 seconds
[0m10:26:12.898726 [debug] [MainThread]: Connection 'debug' was properly closed.
[0m10:26:12.898925 [debug] [MainThread]: Sending event: {'category': 'dbt', 'action': 'invocation', 'label': 'end', 'context': [<snowplow_tracker.self_describing_json.SelfDescribingJson object at 0x794705706780>, <snowplow_tracker.self_describing_json.SelfDescribingJson object at 0x794705713650>, <snowplow_tracker.self_describing_json.SelfDescribingJson object at 0x794705c3e8b0>]}
[0m10:26:12.899170 [debug] [MainThread]: Flushing usage events
[0m10:26:13.357729 [debug] [MainThread]: An error was encountered while trying to flush usage events
